#
# There is insufficient memory for the Java Runtime Environment to continue.
# Native memory allocation (malloc) failed to allocate 489456 bytes for Chunk::new
# Possible reasons:
#   The system is out of physical RAM or swap space
#   The process is running with CompressedOops enabled, and the Java Heap may be blocking the growth of the native heap
# Possible solutions:
#   Reduce memory load on the system
#   Increase physical memory or swap space
#   Check if swap backing store is full
#   Decrease Java heap size (-Xmx/-Xms)
#   Decrease number of Java threads
#   Decrease Java thread stack sizes (-Xss)
#   Set larger code cache with -XX:ReservedCodeCacheSize=
#   JVM is running with Unscaled Compressed Oops mode in which the Java heap is
#     placed in the first 4GB address space. The Java Heap base address is the
#     maximum limit for the native heap growth. Please use -XX:HeapBaseMinAddress
#     to set the Java Heap base and to place the Java Heap above 4GB virtual address.
# This output file may be truncated or incomplete.
#
#  Out of Memory Error (arena.cpp:184), pid=29996, tid=27428
#
# JRE version: Java(TM) SE Runtime Environment (20.0.1+9) (build 20.0.1+9-29)
# Java VM: Java HotSpot(TM) 64-Bit Server VM (20.0.1+9-29, mixed mode, sharing, tiered, compressed oops, compressed class ptrs, g1 gc, windows-amd64)
# No core dump will be written. Minidumps are not enabled by default on client versions of Windows
#

---------------  S U M M A R Y ------------

Command Line: -Dfile.encoding=utf8 c:\Users\deepa\.vscode\extensions\vscjava.vscode-gradle-3.13.0\lib\gradle-language-server.jar

Host: AMD Ryzen 5 5600H with Radeon Graphics         , 12 cores, 7G,  Windows 11 , 64 bit Build 22621 (10.0.22621.2428)
Time: Tue Oct 17 11:36:10 2023 India Standard Time elapsed time: 2.237295 seconds (0d 0h 0m 2s)

---------------  T H R E A D  ---------------

Current thread (0x00000142da58d3e0):  JavaThread "C2 CompilerThread0" daemon [_thread_in_native, id=27428, stack(0x00000020f0200000,0x00000020f0300000)]


Current CompileTask:
C2:   2237  589       4       java.util.stream.ReferencePipeline$3$1::accept (23 bytes)

Stack: [0x00000020f0200000,0x00000020f0300000]
Native frames: (J=compiled Java code, j=interpreted, Vv=VM code, C=native code)
V  [jvm.dll+0x6bb95a]
V  [jvm.dll+0x8485fa]
V  [jvm.dll+0x84a1f5]
V  [jvm.dll+0x84a8f3]
V  [jvm.dll+0x280b0f]
V  [jvm.dll+0xc2b11]
V  [jvm.dll+0xc2e35]
V  [jvm.dll+0x3bb142]
V  [jvm.dll+0x3857f5]
V  [jvm.dll+0x384c6a]
V  [jvm.dll+0x24b259]
V  [jvm.dll+0x24a651]
V  [jvm.dll+0x1ce491]
V  [jvm.dll+0x259e1b]
V  [jvm.dll+0x2584f0]
V  [jvm.dll+0x3f2895]
V  [jvm.dll+0x7f4b56]
V  [jvm.dll+0x6ba5cb]
C  [ucrtbase.dll+0x29363]
C  [KERNEL32.DLL+0x1257d]
C  [ntdll.dll+0x5aa78]


---------------  P R O C E S S  ---------------

Threads class SMR info:
_java_thread_list=0x00000142da57a0c0, length=11, elements={
0x00000142bdac0710, 0x00000142da587180, 0x00000142da588470, 0x00000142da589ba0,
0x00000142da58b4f0, 0x00000142da58be30, 0x00000142da58c770, 0x00000142da58d3e0,
0x00000142da58f800, 0x00000142de8b9990, 0x00000142de8c1b40
}

Java Threads: ( => current thread )
  0x00000142bdac0710 JavaThread "main" [_thread_in_native, id=26812, stack(0x00000020ef500000,0x00000020ef600000)]
  0x00000142da587180 JavaThread "Reference Handler" daemon [_thread_blocked, id=31352, stack(0x00000020efc00000,0x00000020efd00000)]
  0x00000142da588470 JavaThread "Finalizer" daemon [_thread_blocked, id=27956, stack(0x00000020efd00000,0x00000020efe00000)]
  0x00000142da589ba0 JavaThread "Signal Dispatcher" daemon [_thread_blocked, id=20440, stack(0x00000020efe00000,0x00000020eff00000)]
  0x00000142da58b4f0 JavaThread "Attach Listener" daemon [_thread_blocked, id=12532, stack(0x00000020eff00000,0x00000020f0000000)]
  0x00000142da58be30 JavaThread "Service Thread" daemon [_thread_blocked, id=31616, stack(0x00000020f0000000,0x00000020f0100000)]
  0x00000142da58c770 JavaThread "Monitor Deflation Thread" daemon [_thread_blocked, id=20736, stack(0x00000020f0100000,0x00000020f0200000)]
=>0x00000142da58d3e0 JavaThread "C2 CompilerThread0" daemon [_thread_in_native, id=27428, stack(0x00000020f0200000,0x00000020f0300000)]
  0x00000142da58f800 JavaThread "C1 CompilerThread0" daemon [_thread_blocked, id=32312, stack(0x00000020f0300000,0x00000020f0400000)]
  0x00000142de8b9990 JavaThread "Notification Thread" daemon [_thread_blocked, id=28920, stack(0x00000020f0400000,0x00000020f0500000)]
  0x00000142de8c1b40 JavaThread "Common-Cleaner" daemon [_thread_blocked, id=31336, stack(0x00000020f0600000,0x00000020f0700000)]

Other Threads:
  0x00000142da567e30 VMThread "VM Thread" [stack: 0x00000020efb00000,0x00000020efc00000] [id=8636]
  0x00000142de8bbef0 WatcherThread "VM Periodic Task Thread" [stack: 0x00000020f0500000,0x00000020f0600000] [id=12136]
  0x00000142bdb1b0b0 WorkerThread "GC Thread#0" [stack: 0x00000020ef600000,0x00000020ef700000] [id=24116]
  0x00000142bdb2ab00 ConcurrentGCThread "G1 Main Marker" [stack: 0x00000020ef700000,0x00000020ef800000] [id=33740]
  0x00000142bdb2b530 WorkerThread "G1 Conc#0" [stack: 0x00000020ef800000,0x00000020ef900000] [id=27000]
  0x00000142bdb7e670 ConcurrentGCThread "G1 Refine#0" [stack: 0x00000020ef900000,0x00000020efa00000] [id=32244]
  0x00000142da4247f0 ConcurrentGCThread "G1 Service" [stack: 0x00000020efa00000,0x00000020efb00000] [id=14188]

Threads with active compile tasks:
C2 CompilerThread0     2256  589       4       java.util.stream.ReferencePipeline$3$1::accept (23 bytes)

VM state: not at safepoint (normal execution)

VM Mutex/Monitor currently owned by a thread: None

Heap address: 0x000000008a600000, size: 1882 MB, Compressed Oops mode: 32-bit

CDS archive(s) mapped at: [0x0000000800000000-0x0000000800c60000-0x0000000800c60000), size 12976128, SharedBaseAddress: 0x0000000800000000, ArchiveRelocationMode: 0.
Compressed class space mapped at: 0x0000000801000000-0x0000000841000000, reserved size: 1073741824
Narrow klass base: 0x0000000800000000, Narrow klass shift: 0, Narrow klass range: 0x100000000

GC Precious Log:
 CardTable entry size: 512
 Card Set container configuration: InlinePtr #cards 5 size 8 Array Of Cards #cards 12 size 40 Howl #buckets 4 coarsen threshold 1843 Howl Bitmap #cards 512 size 80 coarsen threshold 460 Card regions per heap region 1 cards per card region 2048
 CPUs: 12 total, 12 available
 Memory: 7521M
 Large Page Support: Disabled
 NUMA Support: Disabled
 Compressed Oops: Enabled (32-bit)
 Heap Region Size: 1M
 Heap Min Capacity: 8M
 Heap Initial Capacity: 118M
 Heap Max Capacity: 1882M
 Pre-touch: Disabled
 Parallel Workers: 10
 Concurrent Workers: 3
 Concurrent Refinement Workers: 10
 Periodic GC: Disabled

Heap:
 garbage-first heap   total 120832K, used 11264K [0x000000008a600000, 0x0000000100000000)
  region size 1024K, 12 young (12288K), 0 survivors (0K)
 Metaspace       used 3005K, committed 3136K, reserved 1114112K
  class space    used 301K, committed 384K, reserved 1048576K

Heap Regions: E=young(eden), S=young(survivor), O=old, HS=humongous(starts), HC=humongous(continues), CS=collection set, F=free, OA=open archive, CA=closed archive, TAMS=top-at-mark-start, PB=parsable bottom
|   0|0x000000008a600000, 0x000000008a700000, 0x000000008a700000|100%|HS|  |TAMS 0x000000008a600000| PB 0x000000008a600000| Complete 
|   1|0x000000008a700000, 0x000000008a700000, 0x000000008a800000|  0%| F|  |TAMS 0x000000008a700000| PB 0x000000008a700000| Untracked 
|   2|0x000000008a800000, 0x000000008a800000, 0x000000008a900000|  0%| F|  |TAMS 0x000000008a800000| PB 0x000000008a800000| Untracked 
|   3|0x000000008a900000, 0x000000008a900000, 0x000000008aa00000|  0%| F|  |TAMS 0x000000008a900000| PB 0x000000008a900000| Untracked 
|   4|0x000000008aa00000, 0x000000008aa00000, 0x000000008ab00000|  0%| F|  |TAMS 0x000000008aa00000| PB 0x000000008aa00000| Untracked 
|   5|0x000000008ab00000, 0x000000008ab00000, 0x000000008ac00000|  0%| F|  |TAMS 0x000000008ab00000| PB 0x000000008ab00000| Untracked 
|   6|0x000000008ac00000, 0x000000008ac00000, 0x000000008ad00000|  0%| F|  |TAMS 0x000000008ac00000| PB 0x000000008ac00000| Untracked 
|   7|0x000000008ad00000, 0x000000008ad00000, 0x000000008ae00000|  0%| F|  |TAMS 0x000000008ad00000| PB 0x000000008ad00000| Untracked 
|   8|0x000000008ae00000, 0x000000008ae00000, 0x000000008af00000|  0%| F|  |TAMS 0x000000008ae00000| PB 0x000000008ae00000| Untracked 
|   9|0x000000008af00000, 0x000000008af00000, 0x000000008b000000|  0%| F|  |TAMS 0x000000008af00000| PB 0x000000008af00000| Untracked 
|  10|0x000000008b000000, 0x000000008b000000, 0x000000008b100000|  0%| F|  |TAMS 0x000000008b000000| PB 0x000000008b000000| Untracked 
|  11|0x000000008b100000, 0x000000008b100000, 0x000000008b200000|  0%| F|  |TAMS 0x000000008b100000| PB 0x000000008b100000| Untracked 
|  12|0x000000008b200000, 0x000000008b200000, 0x000000008b300000|  0%| F|  |TAMS 0x000000008b200000| PB 0x000000008b200000| Untracked 
|  13|0x000000008b300000, 0x000000008b300000, 0x000000008b400000|  0%| F|  |TAMS 0x000000008b300000| PB 0x000000008b300000| Untracked 
|  14|0x000000008b400000, 0x000000008b400000, 0x000000008b500000|  0%| F|  |TAMS 0x000000008b400000| PB 0x000000008b400000| Untracked 
|  15|0x000000008b500000, 0x000000008b500000, 0x000000008b600000|  0%| F|  |TAMS 0x000000008b500000| PB 0x000000008b500000| Untracked 
|  16|0x000000008b600000, 0x000000008b600000, 0x000000008b700000|  0%| F|  |TAMS 0x000000008b600000| PB 0x000000008b600000| Untracked 
|  17|0x000000008b700000, 0x000000008b700000, 0x000000008b800000|  0%| F|  |TAMS 0x000000008b700000| PB 0x000000008b700000| Untracked 
|  18|0x000000008b800000, 0x000000008b800000, 0x000000008b900000|  0%| F|  |TAMS 0x000000008b800000| PB 0x000000008b800000| Untracked 
|  19|0x000000008b900000, 0x000000008b900000, 0x000000008ba00000|  0%| F|  |TAMS 0x000000008b900000| PB 0x000000008b900000| Untracked 
|  20|0x000000008ba00000, 0x000000008ba00000, 0x000000008bb00000|  0%| F|  |TAMS 0x000000008ba00000| PB 0x000000008ba00000| Untracked 
|  21|0x000000008bb00000, 0x000000008bb00000, 0x000000008bc00000|  0%| F|  |TAMS 0x000000008bb00000| PB 0x000000008bb00000| Untracked 
|  22|0x000000008bc00000, 0x000000008bc00000, 0x000000008bd00000|  0%| F|  |TAMS 0x000000008bc00000| PB 0x000000008bc00000| Untracked 
|  23|0x000000008bd00000, 0x000000008bd00000, 0x000000008be00000|  0%| F|  |TAMS 0x000000008bd00000| PB 0x000000008bd00000| Untracked 
|  24|0x000000008be00000, 0x000000008be00000, 0x000000008bf00000|  0%| F|  |TAMS 0x000000008be00000| PB 0x000000008be00000| Untracked 
|  25|0x000000008bf00000, 0x000000008bf00000, 0x000000008c000000|  0%| F|  |TAMS 0x000000008bf00000| PB 0x000000008bf00000| Untracked 
|  26|0x000000008c000000, 0x000000008c000000, 0x000000008c100000|  0%| F|  |TAMS 0x000000008c000000| PB 0x000000008c000000| Untracked 
|  27|0x000000008c100000, 0x000000008c100000, 0x000000008c200000|  0%| F|  |TAMS 0x000000008c100000| PB 0x000000008c100000| Untracked 
|  28|0x000000008c200000, 0x000000008c200000, 0x000000008c300000|  0%| F|  |TAMS 0x000000008c200000| PB 0x000000008c200000| Untracked 
|  29|0x000000008c300000, 0x000000008c300000, 0x000000008c400000|  0%| F|  |TAMS 0x000000008c300000| PB 0x000000008c300000| Untracked 
|  30|0x000000008c400000, 0x000000008c400000, 0x000000008c500000|  0%| F|  |TAMS 0x000000008c400000| PB 0x000000008c400000| Untracked 
|  31|0x000000008c500000, 0x000000008c500000, 0x000000008c600000|  0%| F|  |TAMS 0x000000008c500000| PB 0x000000008c500000| Untracked 
|  32|0x000000008c600000, 0x000000008c600000, 0x000000008c700000|  0%| F|  |TAMS 0x000000008c600000| PB 0x000000008c600000| Untracked 
|  33|0x000000008c700000, 0x000000008c700000, 0x000000008c800000|  0%| F|  |TAMS 0x000000008c700000| PB 0x000000008c700000| Untracked 
|  34|0x000000008c800000, 0x000000008c800000, 0x000000008c900000|  0%| F|  |TAMS 0x000000008c800000| PB 0x000000008c800000| Untracked 
|  35|0x000000008c900000, 0x000000008c900000, 0x000000008ca00000|  0%| F|  |TAMS 0x000000008c900000| PB 0x000000008c900000| Untracked 
|  36|0x000000008ca00000, 0x000000008ca00000, 0x000000008cb00000|  0%| F|  |TAMS 0x000000008ca00000| PB 0x000000008ca00000| Untracked 
|  37|0x000000008cb00000, 0x000000008cb00000, 0x000000008cc00000|  0%| F|  |TAMS 0x000000008cb00000| PB 0x000000008cb00000| Untracked 
|  38|0x000000008cc00000, 0x000000008cc00000, 0x000000008cd00000|  0%| F|  |TAMS 0x000000008cc00000| PB 0x000000008cc00000| Untracked 
|  39|0x000000008cd00000, 0x000000008cd00000, 0x000000008ce00000|  0%| F|  |TAMS 0x000000008cd00000| PB 0x000000008cd00000| Untracked 
|  40|0x000000008ce00000, 0x000000008ce00000, 0x000000008cf00000|  0%| F|  |TAMS 0x000000008ce00000| PB 0x000000008ce00000| Untracked 
|  41|0x000000008cf00000, 0x000000008cf00000, 0x000000008d000000|  0%| F|  |TAMS 0x000000008cf00000| PB 0x000000008cf00000| Untracked 
|  42|0x000000008d000000, 0x000000008d000000, 0x000000008d100000|  0%| F|  |TAMS 0x000000008d000000| PB 0x000000008d000000| Untracked 
|  43|0x000000008d100000, 0x000000008d100000, 0x000000008d200000|  0%| F|  |TAMS 0x000000008d100000| PB 0x000000008d100000| Untracked 
|  44|0x000000008d200000, 0x000000008d200000, 0x000000008d300000|  0%| F|  |TAMS 0x000000008d200000| PB 0x000000008d200000| Untracked 
|  45|0x000000008d300000, 0x000000008d300000, 0x000000008d400000|  0%| F|  |TAMS 0x000000008d300000| PB 0x000000008d300000| Untracked 
|  46|0x000000008d400000, 0x000000008d400000, 0x000000008d500000|  0%| F|  |TAMS 0x000000008d400000| PB 0x000000008d400000| Untracked 
|  47|0x000000008d500000, 0x000000008d500000, 0x000000008d600000|  0%| F|  |TAMS 0x000000008d500000| PB 0x000000008d500000| Untracked 
|  48|0x000000008d600000, 0x000000008d600000, 0x000000008d700000|  0%| F|  |TAMS 0x000000008d600000| PB 0x000000008d600000| Untracked 
|  49|0x000000008d700000, 0x000000008d700000, 0x000000008d800000|  0%| F|  |TAMS 0x000000008d700000| PB 0x000000008d700000| Untracked 
|  50|0x000000008d800000, 0x000000008d800000, 0x000000008d900000|  0%| F|  |TAMS 0x000000008d800000| PB 0x000000008d800000| Untracked 
|  51|0x000000008d900000, 0x000000008d900000, 0x000000008da00000|  0%| F|  |TAMS 0x000000008d900000| PB 0x000000008d900000| Untracked 
|  52|0x000000008da00000, 0x000000008da00000, 0x000000008db00000|  0%| F|  |TAMS 0x000000008da00000| PB 0x000000008da00000| Untracked 
|  53|0x000000008db00000, 0x000000008db00000, 0x000000008dc00000|  0%| F|  |TAMS 0x000000008db00000| PB 0x000000008db00000| Untracked 
|  54|0x000000008dc00000, 0x000000008dc00000, 0x000000008dd00000|  0%| F|  |TAMS 0x000000008dc00000| PB 0x000000008dc00000| Untracked 
|  55|0x000000008dd00000, 0x000000008dd00000, 0x000000008de00000|  0%| F|  |TAMS 0x000000008dd00000| PB 0x000000008dd00000| Untracked 
|  56|0x000000008de00000, 0x000000008de00000, 0x000000008df00000|  0%| F|  |TAMS 0x000000008de00000| PB 0x000000008de00000| Untracked 
|  57|0x000000008df00000, 0x000000008df00000, 0x000000008e000000|  0%| F|  |TAMS 0x000000008df00000| PB 0x000000008df00000| Untracked 
|  58|0x000000008e000000, 0x000000008e000000, 0x000000008e100000|  0%| F|  |TAMS 0x000000008e000000| PB 0x000000008e000000| Untracked 
|  59|0x000000008e100000, 0x000000008e100000, 0x000000008e200000|  0%| F|  |TAMS 0x000000008e100000| PB 0x000000008e100000| Untracked 
|  60|0x000000008e200000, 0x000000008e200000, 0x000000008e300000|  0%| F|  |TAMS 0x000000008e200000| PB 0x000000008e200000| Untracked 
|  61|0x000000008e300000, 0x000000008e300000, 0x000000008e400000|  0%| F|  |TAMS 0x000000008e300000| PB 0x000000008e300000| Untracked 
|  62|0x000000008e400000, 0x000000008e400000, 0x000000008e500000|  0%| F|  |TAMS 0x000000008e400000| PB 0x000000008e400000| Untracked 
|  63|0x000000008e500000, 0x000000008e500000, 0x000000008e600000|  0%| F|  |TAMS 0x000000008e500000| PB 0x000000008e500000| Untracked 
|  64|0x000000008e600000, 0x000000008e600000, 0x000000008e700000|  0%| F|  |TAMS 0x000000008e600000| PB 0x000000008e600000| Untracked 
|  65|0x000000008e700000, 0x000000008e700000, 0x000000008e800000|  0%| F|  |TAMS 0x000000008e700000| PB 0x000000008e700000| Untracked 
|  66|0x000000008e800000, 0x000000008e800000, 0x000000008e900000|  0%| F|  |TAMS 0x000000008e800000| PB 0x000000008e800000| Untracked 
|  67|0x000000008e900000, 0x000000008e900000, 0x000000008ea00000|  0%| F|  |TAMS 0x000000008e900000| PB 0x000000008e900000| Untracked 
|  68|0x000000008ea00000, 0x000000008ea00000, 0x000000008eb00000|  0%| F|  |TAMS 0x000000008ea00000| PB 0x000000008ea00000| Untracked 
|  69|0x000000008eb00000, 0x000000008eb00000, 0x000000008ec00000|  0%| F|  |TAMS 0x000000008eb00000| PB 0x000000008eb00000| Untracked 
|  70|0x000000008ec00000, 0x000000008ec00000, 0x000000008ed00000|  0%| F|  |TAMS 0x000000008ec00000| PB 0x000000008ec00000| Untracked 
|  71|0x000000008ed00000, 0x000000008ed00000, 0x000000008ee00000|  0%| F|  |TAMS 0x000000008ed00000| PB 0x000000008ed00000| Untracked 
|  72|0x000000008ee00000, 0x000000008ee00000, 0x000000008ef00000|  0%| F|  |TAMS 0x000000008ee00000| PB 0x000000008ee00000| Untracked 
|  73|0x000000008ef00000, 0x000000008ef00000, 0x000000008f000000|  0%| F|  |TAMS 0x000000008ef00000| PB 0x000000008ef00000| Untracked 
|  74|0x000000008f000000, 0x000000008f000000, 0x000000008f100000|  0%| F|  |TAMS 0x000000008f000000| PB 0x000000008f000000| Untracked 
|  75|0x000000008f100000, 0x000000008f100000, 0x000000008f200000|  0%| F|  |TAMS 0x000000008f100000| PB 0x000000008f100000| Untracked 
|  76|0x000000008f200000, 0x000000008f200000, 0x000000008f300000|  0%| F|  |TAMS 0x000000008f200000| PB 0x000000008f200000| Untracked 
|  77|0x000000008f300000, 0x000000008f300000, 0x000000008f400000|  0%| F|  |TAMS 0x000000008f300000| PB 0x000000008f300000| Untracked 
|  78|0x000000008f400000, 0x000000008f400000, 0x000000008f500000|  0%| F|  |TAMS 0x000000008f400000| PB 0x000000008f400000| Untracked 
|  79|0x000000008f500000, 0x000000008f500000, 0x000000008f600000|  0%| F|  |TAMS 0x000000008f500000| PB 0x000000008f500000| Untracked 
|  80|0x000000008f600000, 0x000000008f600000, 0x000000008f700000|  0%| F|  |TAMS 0x000000008f600000| PB 0x000000008f600000| Untracked 
|  81|0x000000008f700000, 0x000000008f700000, 0x000000008f800000|  0%| F|  |TAMS 0x000000008f700000| PB 0x000000008f700000| Untracked 
|  82|0x000000008f800000, 0x000000008f800000, 0x000000008f900000|  0%| F|  |TAMS 0x000000008f800000| PB 0x000000008f800000| Untracked 
|  83|0x000000008f900000, 0x000000008f900000, 0x000000008fa00000|  0%| F|  |TAMS 0x000000008f900000| PB 0x000000008f900000| Untracked 
|  84|0x000000008fa00000, 0x000000008fa00000, 0x000000008fb00000|  0%| F|  |TAMS 0x000000008fa00000| PB 0x000000008fa00000| Untracked 
|  85|0x000000008fb00000, 0x000000008fb00000, 0x000000008fc00000|  0%| F|  |TAMS 0x000000008fb00000| PB 0x000000008fb00000| Untracked 
|  86|0x000000008fc00000, 0x000000008fc00000, 0x000000008fd00000|  0%| F|  |TAMS 0x000000008fc00000| PB 0x000000008fc00000| Untracked 
|  87|0x000000008fd00000, 0x000000008fd00000, 0x000000008fe00000|  0%| F|  |TAMS 0x000000008fd00000| PB 0x000000008fd00000| Untracked 
|  88|0x000000008fe00000, 0x000000008fe00000, 0x000000008ff00000|  0%| F|  |TAMS 0x000000008fe00000| PB 0x000000008fe00000| Untracked 
|  89|0x000000008ff00000, 0x000000008ff00000, 0x0000000090000000|  0%| F|  |TAMS 0x000000008ff00000| PB 0x000000008ff00000| Untracked 
|  90|0x0000000090000000, 0x0000000090000000, 0x0000000090100000|  0%| F|  |TAMS 0x0000000090000000| PB 0x0000000090000000| Untracked 
|  91|0x0000000090100000, 0x0000000090100000, 0x0000000090200000|  0%| F|  |TAMS 0x0000000090100000| PB 0x0000000090100000| Untracked 
|  92|0x0000000090200000, 0x0000000090200000, 0x0000000090300000|  0%| F|  |TAMS 0x0000000090200000| PB 0x0000000090200000| Untracked 
|  93|0x0000000090300000, 0x0000000090300000, 0x0000000090400000|  0%| F|  |TAMS 0x0000000090300000| PB 0x0000000090300000| Untracked 
|  94|0x0000000090400000, 0x0000000090400000, 0x0000000090500000|  0%| F|  |TAMS 0x0000000090400000| PB 0x0000000090400000| Untracked 
|  95|0x0000000090500000, 0x0000000090500000, 0x0000000090600000|  0%| F|  |TAMS 0x0000000090500000| PB 0x0000000090500000| Untracked 
|  96|0x0000000090600000, 0x0000000090600000, 0x0000000090700000|  0%| F|  |TAMS 0x0000000090600000| PB 0x0000000090600000| Untracked 
|  97|0x0000000090700000, 0x0000000090700000, 0x0000000090800000|  0%| F|  |TAMS 0x0000000090700000| PB 0x0000000090700000| Untracked 
|  98|0x0000000090800000, 0x0000000090800000, 0x0000000090900000|  0%| F|  |TAMS 0x0000000090800000| PB 0x0000000090800000| Untracked 
|  99|0x0000000090900000, 0x0000000090900000, 0x0000000090a00000|  0%| F|  |TAMS 0x0000000090900000| PB 0x0000000090900000| Untracked 
| 100|0x0000000090a00000, 0x0000000090a00000, 0x0000000090b00000|  0%| F|  |TAMS 0x0000000090a00000| PB 0x0000000090a00000| Untracked 
| 101|0x0000000090b00000, 0x0000000090b00000, 0x0000000090c00000|  0%| F|  |TAMS 0x0000000090b00000| PB 0x0000000090b00000| Untracked 
| 102|0x0000000090c00000, 0x0000000090c00000, 0x0000000090d00000|  0%| F|  |TAMS 0x0000000090c00000| PB 0x0000000090c00000| Untracked 
| 103|0x0000000090d00000, 0x0000000090d00000, 0x0000000090e00000|  0%| F|  |TAMS 0x0000000090d00000| PB 0x0000000090d00000| Untracked 
| 104|0x0000000090e00000, 0x0000000090e00000, 0x0000000090f00000|  0%| F|  |TAMS 0x0000000090e00000| PB 0x0000000090e00000| Untracked 
| 105|0x0000000090f00000, 0x0000000090f00000, 0x0000000091000000|  0%| F|  |TAMS 0x0000000090f00000| PB 0x0000000090f00000| Untracked 
| 106|0x0000000091000000, 0x00000000910ec0d0, 0x0000000091100000| 92%| E|  |TAMS 0x0000000091000000| PB 0x0000000091000000| Complete 
| 107|0x0000000091100000, 0x0000000091200000, 0x0000000091200000|100%| E|CS|TAMS 0x0000000091100000| PB 0x0000000091100000| Complete 
| 108|0x0000000091200000, 0x0000000091300000, 0x0000000091300000|100%| E|CS|TAMS 0x0000000091200000| PB 0x0000000091200000| Complete 
| 109|0x0000000091300000, 0x0000000091400000, 0x0000000091400000|100%| E|CS|TAMS 0x0000000091300000| PB 0x0000000091300000| Complete 
| 110|0x0000000091400000, 0x0000000091500000, 0x0000000091500000|100%| E|CS|TAMS 0x0000000091400000| PB 0x0000000091400000| Complete 
| 111|0x0000000091500000, 0x0000000091600000, 0x0000000091600000|100%| E|CS|TAMS 0x0000000091500000| PB 0x0000000091500000| Complete 
| 112|0x0000000091600000, 0x0000000091700000, 0x0000000091700000|100%| E|CS|TAMS 0x0000000091600000| PB 0x0000000091600000| Complete 
| 113|0x0000000091700000, 0x0000000091800000, 0x0000000091800000|100%| E|  |TAMS 0x0000000091700000| PB 0x0000000091700000| Complete 
| 114|0x0000000091800000, 0x0000000091900000, 0x0000000091900000|100%| E|CS|TAMS 0x0000000091800000| PB 0x0000000091800000| Complete 
| 115|0x0000000091900000, 0x0000000091a00000, 0x0000000091a00000|100%| E|CS|TAMS 0x0000000091900000| PB 0x0000000091900000| Complete 
| 116|0x0000000091a00000, 0x0000000091b00000, 0x0000000091b00000|100%| E|CS|TAMS 0x0000000091a00000| PB 0x0000000091a00000| Complete 
| 117|0x0000000091b00000, 0x0000000091c00000, 0x0000000091c00000|100%| E|CS|TAMS 0x0000000091b00000| PB 0x0000000091b00000| Complete 

Card table byte_map: [0x00000142d5470000,0x00000142d5820000] _byte_map_base: 0x00000142d501d000

Marking Bits: (CMBitMap*) 0x00000142bdb1b6e0
 Bits: [0x00000142d5bd0000, 0x00000142d7938000)

Polling page: 0x00000142bba60000

Metaspace:

Usage:
  Non-class:      2.64 MB used.
      Class:    301.02 KB used.
       Both:      2.93 MB used.

Virtual space:
  Non-class space:       64.00 MB reserved,       2.69 MB (  4%) committed,  1 nodes.
      Class space:        1.00 GB reserved,     384.00 KB ( <1%) committed,  1 nodes.
             Both:        1.06 GB reserved,       3.06 MB ( <1%) committed. 

Chunk freelists:
   Non-Class:  3.58 MB
       Class:  3.67 MB
        Both:  7.25 MB

MaxMetaspaceSize: unlimited
CompressedClassSpaceSize: 1.00 GB
Initial GC threshold: 21.00 MB
Current GC threshold: 21.00 MB
CDS: on
MetaspaceReclaimPolicy: balanced
 - commit_granule_bytes: 65536.
 - commit_granule_words: 8192.
 - virtual_space_node_default_size: 8388608.
 - enlarge_chunks_in_place: 1.
 - new_chunks_are_fully_committed: 0.
 - uncommit_free_chunks: 1.
 - use_allocation_guard: 0.


Internal statistics:

num_allocs_failed_limit: 0.
num_arena_births: 18.
num_arena_deaths: 0.
num_vsnodes_births: 2.
num_vsnodes_deaths: 0.
num_space_committed: 49.
num_space_uncommitted: 0.
num_chunks_returned_to_freelist: 0.
num_chunks_taken_from_freelist: 38.
num_chunk_merges: 0.
num_chunk_splits: 31.
num_chunks_enlarged: 28.
num_inconsistent_stats: 0.

CodeHeap 'non-profiled nmethods': size=120000Kb used=224Kb max_used=224Kb free=119776Kb
 bounds [0x00000142cd640000, 0x00000142cd8b0000, 0x00000142d4b70000]
CodeHeap 'profiled nmethods': size=120000Kb used=930Kb max_used=930Kb free=119069Kb
 bounds [0x00000142c5b70000, 0x00000142c5de0000, 0x00000142cd0a0000]
CodeHeap 'non-nmethods': size=5760Kb used=1384Kb max_used=1411Kb free=4375Kb
 bounds [0x00000142cd0a0000, 0x00000142cd310000, 0x00000142cd640000]
 total_blobs=1020 nmethods=588 adapters=343
 compilation: enabled
              stopped_count=0, restarted_count=0
 full_count=0

Compilation events (20 events):
Event: 1.493 Thread 0x00000142da58d3e0 nmethod 579 0x00000142cd673610 code [0x00000142cd6737c0, 0x00000142cd673af8]
Event: 1.629 Thread 0x00000142da58d3e0  580       4       java.io.File::<init> (47 bytes)
Event: 1.630 Thread 0x00000142da58f800  581       1       sun.nio.fs.WindowsFileSystem::provider (5 bytes)
Event: 1.631 Thread 0x00000142da58f800 nmethod 581 0x00000142cd673f10 code [0x00000142cd674080, 0x00000142cd674148]
Event: 1.640 Thread 0x00000142da58d3e0 nmethod 580 0x00000142cd674210 code [0x00000142cd6743e0, 0x00000142cd674ab8]
Event: 1.640 Thread 0x00000142da58d3e0  582       4       java.nio.file.Path::toFile (36 bytes)
Event: 1.651 Thread 0x00000142da58d3e0 nmethod 582 0x00000142cd675190 code [0x00000142cd675360, 0x00000142cd675b08]
Event: 1.756 Thread 0x00000142da58f800  583       3       java.util.ArrayDeque::removeFirst (19 bytes)
Event: 1.757 Thread 0x00000142da58f800 nmethod 583 0x00000142c5c58590 code [0x00000142c5c58740, 0x00000142c5c58938]
Event: 1.759 Thread 0x00000142da58d3e0  584 %     4       java.lang.StringLatin1::inflate @ 3 (34 bytes)
Event: 1.765 Thread 0x00000142da58d3e0 nmethod 584% 0x00000142cd676310 code [0x00000142cd676480, 0x00000142cd676800]
Event: 1.991 Thread 0x00000142da58d3e0  585       4       java.lang.StringLatin1::inflate (34 bytes)
Event: 1.996 Thread 0x00000142da58d3e0 nmethod 585 0x00000142cd676990 code [0x00000142cd676b00, 0x00000142cd676d00]
Event: 2.082 Thread 0x00000142da58d3e0  586       4       java.lang.AbstractStringBuilder::<init> (39 bytes)
Event: 2.084 Thread 0x00000142da58d3e0 nmethod 586 0x00000142cd676e10 code [0x00000142cd676f80, 0x00000142cd6771c8]
Event: 2.084 Thread 0x00000142da58d3e0  587       4       java.lang.String::<init> (99 bytes)
Event: 2.087 Thread 0x00000142da58d3e0 nmethod 587 0x00000142cd677290 code [0x00000142cd677420, 0x00000142cd677878]
Event: 2.182 Thread 0x00000142da58d3e0  588       4       java.lang.String::startsWith (138 bytes)
Event: 2.186 Thread 0x00000142da58d3e0 nmethod 588 0x00000142cd677a90 code [0x00000142cd677c00, 0x00000142cd677e20]
Event: 2.201 Thread 0x00000142da58d3e0  589       4       java.util.stream.ReferencePipeline$3$1::accept (23 bytes)

GC Heap History (0 events):
No events

Dll operation events (6 events):
Event: 0.009 Loaded shared library C:\Program Files\Java\jdk-20\bin\java.dll
Event: 0.023 Loaded shared library C:\Program Files\Java\jdk-20\bin\jsvml.dll
Event: 0.110 Loaded shared library C:\Program Files\Java\jdk-20\bin\net.dll
Event: 0.116 Loaded shared library C:\Program Files\Java\jdk-20\bin\nio.dll
Event: 0.128 Loaded shared library C:\Program Files\Java\jdk-20\bin\zip.dll
Event: 0.456 Loaded shared library C:\Program Files\Java\jdk-20\bin\jimage.dll

Deoptimization events (14 events):
Event: 0.174 Thread 0x00000142bdac0710 DEOPT PACKING pc=0x00000142c5b71712 sp=0x00000020ef5fc3e0
Event: 0.174 Thread 0x00000142bdac0710 DEOPT UNPACKING pc=0x00000142cd10a4c2 sp=0x00000020ef5fb858 mode 0
Event: 0.428 Thread 0x00000142bdac0710 DEOPT PACKING pc=0x00000142c5b8ff50 sp=0x00000020ef5fc300
Event: 0.428 Thread 0x00000142bdac0710 DEOPT UNPACKING pc=0x00000142cd10a4c2 sp=0x00000020ef5fb780 mode 0
Event: 0.566 Thread 0x00000142bdac0710 DEOPT PACKING pc=0x00000142c5bcc21d sp=0x00000020ef5f94a0
Event: 0.566 Thread 0x00000142bdac0710 DEOPT UNPACKING pc=0x00000142cd10a4c2 sp=0x00000020ef5f8938 mode 0
Event: 0.594 Thread 0x00000142bdac0710 DEOPT PACKING pc=0x00000142c5b7ad57 sp=0x00000020ef5fedf0
Event: 0.594 Thread 0x00000142bdac0710 DEOPT UNPACKING pc=0x00000142cd10a4c2 sp=0x00000020ef5fe210 mode 0
Event: 0.679 Thread 0x00000142bdac0710 DEOPT PACKING pc=0x00000142c5b78bc1 sp=0x00000020ef5feb10
Event: 0.679 Thread 0x00000142bdac0710 DEOPT UNPACKING pc=0x00000142cd10a4c2 sp=0x00000020ef5fdf88 mode 0
Event: 0.727 Thread 0x00000142bdac0710 DEOPT PACKING pc=0x00000142c5c1f257 sp=0x00000020ef5fec10
Event: 0.727 Thread 0x00000142bdac0710 DEOPT UNPACKING pc=0x00000142cd10a4c2 sp=0x00000020ef5fe0e8 mode 0
Event: 1.991 Thread 0x00000142bdac0710 DEOPT PACKING pc=0x00000142c5c3802e sp=0x00000020ef5fea40
Event: 1.991 Thread 0x00000142bdac0710 DEOPT UNPACKING pc=0x00000142cd10a4c2 sp=0x00000020ef5fdeb8 mode 0

Classes loaded (20 events):
Event: 0.595 Loading class java/nio/file/Files$AcceptAllFilter
Event: 0.595 Loading class java/nio/file/DirectoryStream$Filter
Event: 0.595 Loading class java/nio/file/DirectoryStream$Filter done
Event: 0.595 Loading class java/nio/file/Files$AcceptAllFilter done
Event: 0.595 Loading class sun/nio/fs/WindowsDirectoryStream
Event: 0.596 Loading class java/nio/file/DirectoryStream
Event: 0.596 Loading class java/nio/file/DirectoryStream done
Event: 0.596 Loading class sun/nio/fs/WindowsDirectoryStream done
Event: 0.596 Loading class java/nio/file/FileTreeWalker$DirectoryNode
Event: 0.597 Loading class java/nio/file/FileTreeWalker$DirectoryNode done
Event: 0.597 Loading class sun/nio/fs/WindowsDirectoryStream$WindowsDirectoryIterator
Event: 0.597 Loading class sun/nio/fs/WindowsDirectoryStream$WindowsDirectoryIterator done
Event: 0.597 Loading class java/nio/file/FileTreeWalker$Event
Event: 0.597 Loading class java/nio/file/FileTreeWalker$Event done
Event: 0.597 Loading class java/nio/file/FileTreeWalker$EventType
Event: 0.597 Loading class java/nio/file/FileTreeWalker$EventType done
Event: 0.609 Loading class sun/nio/fs/WindowsPath$WindowsPathWithAttributes
Event: 0.611 Loading class sun/nio/fs/BasicFileAttributesHolder
Event: 0.611 Loading class sun/nio/fs/BasicFileAttributesHolder done
Event: 0.611 Loading class sun/nio/fs/WindowsPath$WindowsPathWithAttributes done

Classes unloaded (0 events):
No events

Classes redefined (0 events):
No events

Internal exceptions (1 events):
Event: 0.334 Thread 0x00000142bdac0710 Exception <a 'java/lang/NoSuchMethodError'{0x00000000918bcdd8}: 'void java.lang.invoke.DirectMethodHandle$Holder.invokeVirtual(java.lang.Object, java.lang.Object)'> (0x00000000918bcdd8) 
thrown [s\open\src\hotspot\share\interpreter\linkResolver.cpp, line 773]

VM Operations (6 events):
Event: 0.130 Executing VM operation: HandshakeAllThreads
Event: 0.130 Executing VM operation: HandshakeAllThreads done
Event: 0.301 Executing VM operation: HandshakeAllThreads
Event: 0.301 Executing VM operation: HandshakeAllThreads done
Event: 1.314 Executing VM operation: Cleanup
Event: 1.315 Executing VM operation: Cleanup done

Events (11 events):
Event: 0.023 Thread 0x00000142bdac0710 Thread added: 0x00000142bdac0710
Event: 0.054 Thread 0x00000142da587180 Thread added: 0x00000142da587180
Event: 0.055 Thread 0x00000142da588470 Thread added: 0x00000142da588470
Event: 0.055 Thread 0x00000142da589ba0 Thread added: 0x00000142da589ba0
Event: 0.055 Thread 0x00000142da58b4f0 Thread added: 0x00000142da58b4f0
Event: 0.055 Thread 0x00000142da58be30 Thread added: 0x00000142da58be30
Event: 0.055 Thread 0x00000142da58c770 Thread added: 0x00000142da58c770
Event: 0.055 Thread 0x00000142da58d3e0 Thread added: 0x00000142da58d3e0
Event: 0.057 Thread 0x00000142da58f800 Thread added: 0x00000142da58f800
Event: 0.080 Thread 0x00000142de8b9990 Thread added: 0x00000142de8b9990
Event: 0.093 Thread 0x00000142de8c1b40 Thread added: 0x00000142de8c1b40


Dynamic libraries:
0x00007ff6f4cb0000 - 0x00007ff6f4cc0000 	C:\Program Files\Java\jdk-20\bin\java.exe
0x00007ff887550000 - 0x00007ff887767000 	C:\WINDOWS\SYSTEM32\ntdll.dll
0x00007ff885a40000 - 0x00007ff885b04000 	C:\WINDOWS\System32\KERNEL32.DLL
0x00007ff884b50000 - 0x00007ff884ef6000 	C:\WINDOWS\System32\KERNELBASE.dll
0x00007ff885190000 - 0x00007ff8852a1000 	C:\WINDOWS\System32\ucrtbase.dll
0x00007ff84b800000 - 0x00007ff84b819000 	C:\Program Files\Java\jdk-20\bin\jli.dll
0x00007ff8489e0000 - 0x00007ff8489fb000 	C:\Program Files\Java\jdk-20\bin\VCRUNTIME140.dll
0x00007ff885670000 - 0x00007ff885720000 	C:\WINDOWS\System32\ADVAPI32.dll
0x00007ff8855c0000 - 0x00007ff885667000 	C:\WINDOWS\System32\msvcrt.dll
0x00007ff887460000 - 0x00007ff887506000 	C:\WINDOWS\System32\sechost.dll
0x00007ff8852d0000 - 0x00007ff8853e7000 	C:\WINDOWS\System32\RPCRT4.dll
0x00007ff886230000 - 0x00007ff8863dd000 	C:\WINDOWS\System32\USER32.dll
0x00007ff884b20000 - 0x00007ff884b46000 	C:\WINDOWS\System32\win32u.dll
0x00007ff885b10000 - 0x00007ff885b39000 	C:\WINDOWS\System32\GDI32.dll
0x00007ff885070000 - 0x00007ff885188000 	C:\WINDOWS\System32\gdi32full.dll
0x00007ff884950000 - 0x00007ff8849ea000 	C:\WINDOWS\System32\msvcp_win.dll
0x00007ff86abc0000 - 0x00007ff86ae53000 	C:\WINDOWS\WinSxS\amd64_microsoft.windows.common-controls_6595b64144ccf1df_6.0.22621.2361_none_2712ced57382f843\COMCTL32.dll
0x00007ff87ba00000 - 0x00007ff87ba0a000 	C:\WINDOWS\SYSTEM32\VERSION.dll
0x00007ff885fc0000 - 0x00007ff885ff1000 	C:\WINDOWS\System32\IMM32.DLL
0x00007ff8800c0000 - 0x00007ff8800cc000 	C:\Program Files\Java\jdk-20\bin\vcruntime140_1.dll
0x00007fff92830000 - 0x00007fff928be000 	C:\Program Files\Java\jdk-20\bin\msvcp140.dll
0x00007fff57980000 - 0x00007fff58617000 	C:\Program Files\Java\jdk-20\bin\server\jvm.dll
0x00007ff85aa40000 - 0x00007ff85aa49000 	C:\WINDOWS\SYSTEM32\WSOCK32.dll
0x00007ff887220000 - 0x00007ff887291000 	C:\WINDOWS\System32\WS2_32.dll
0x00007ff87c520000 - 0x00007ff87c554000 	C:\WINDOWS\SYSTEM32\WINMM.dll
0x00007ff8838b0000 - 0x00007ff8838c8000 	C:\WINDOWS\SYSTEM32\kernel.appcore.dll
0x00007ff880090000 - 0x00007ff88009a000 	C:\Program Files\Java\jdk-20\bin\jimage.dll
0x00007ff871780000 - 0x00007ff8719ae000 	C:\WINDOWS\SYSTEM32\DBGHELP.DLL
0x00007ff8863e0000 - 0x00007ff88676a000 	C:\WINDOWS\System32\combase.dll
0x00007ff8857e0000 - 0x00007ff8858b7000 	C:\WINDOWS\System32\OLEAUT32.dll
0x00007ff862230000 - 0x00007ff862262000 	C:\WINDOWS\SYSTEM32\dbgcore.DLL
0x00007ff8848d0000 - 0x00007ff88494a000 	C:\WINDOWS\System32\bcryptPrimitives.dll
0x00007ff82cab0000 - 0x00007ff82cad6000 	C:\Program Files\Java\jdk-20\bin\java.dll
0x00007fff5c280000 - 0x00007fff5c357000 	C:\Program Files\Java\jdk-20\bin\jsvml.dll
0x00007ff886850000 - 0x00007ff8870a8000 	C:\WINDOWS\System32\SHELL32.dll
0x00007ff882830000 - 0x00007ff883122000 	C:\WINDOWS\SYSTEM32\windows.storage.dll
0x00007ff8826f0000 - 0x00007ff88282e000 	C:\WINDOWS\SYSTEM32\wintypes.dll
0x00007ff8854b0000 - 0x00007ff8855a3000 	C:\WINDOWS\System32\SHCORE.dll
0x00007ff8871c0000 - 0x00007ff88721e000 	C:\WINDOWS\System32\shlwapi.dll
0x00007ff884800000 - 0x00007ff884826000 	C:\WINDOWS\SYSTEM32\profapi.dll
0x00007ff844970000 - 0x00007ff844983000 	C:\Program Files\Java\jdk-20\bin\net.dll
0x00007ff87c3e0000 - 0x00007ff87c517000 	C:\WINDOWS\SYSTEM32\WINHTTP.dll
0x00007ff883d90000 - 0x00007ff883df9000 	C:\WINDOWS\system32\mswsock.dll
0x00007ff83efd0000 - 0x00007ff83efe6000 	C:\Program Files\Java\jdk-20\bin\nio.dll
0x00007ff836130000 - 0x00007ff836148000 	C:\Program Files\Java\jdk-20\bin\zip.dll

dbghelp: loaded successfully - version: 4.0.5 - missing functions: none
symbol engine: initialized successfully - sym options: 0x614 - pdb path: .;C:\Program Files\Java\jdk-20\bin;C:\WINDOWS\SYSTEM32;C:\WINDOWS\WinSxS\amd64_microsoft.windows.common-controls_6595b64144ccf1df_6.0.22621.2361_none_2712ced57382f843;C:\Program Files\Java\jdk-20\bin\server

VM Arguments:
jvm_args: -Dfile.encoding=utf8 
java_command: c:\Users\deepa\.vscode\extensions\vscjava.vscode-gradle-3.13.0\lib\gradle-language-server.jar
java_class_path (initial): c:\Users\deepa\.vscode\extensions\vscjava.vscode-gradle-3.13.0\lib\gradle-language-server.jar
Launcher Type: SUN_STANDARD

[Global flags]
     intx CICompilerCount                          = 4                                         {product} {ergonomic}
     uint ConcGCThreads                            = 3                                         {product} {ergonomic}
     uint G1ConcRefinementThreads                  = 10                                        {product} {ergonomic}
   size_t G1HeapRegionSize                         = 1048576                                   {product} {ergonomic}
    uintx GCDrainStackTargetSize                   = 64                                        {product} {ergonomic}
   size_t InitialHeapSize                          = 123731968                                 {product} {ergonomic}
   size_t MarkStackSize                            = 4194304                                   {product} {ergonomic}
   size_t MaxHeapSize                              = 1973420032                                {product} {ergonomic}
   size_t MaxNewSize                               = 1183842304                                {product} {ergonomic}
   size_t MinHeapDeltaBytes                        = 1048576                                   {product} {ergonomic}
   size_t MinHeapSize                              = 8388608                                   {product} {ergonomic}
    uintx NonNMethodCodeHeapSize                   = 5839372                                {pd product} {ergonomic}
    uintx NonProfiledCodeHeapSize                  = 122909434                              {pd product} {ergonomic}
    uintx ProfiledCodeHeapSize                     = 122909434                              {pd product} {ergonomic}
    uintx ReservedCodeCacheSize                    = 251658240                              {pd product} {ergonomic}
     bool SegmentedCodeCache                       = true                                      {product} {ergonomic}
   size_t SoftMaxHeapSize                          = 1973420032                             {manageable} {ergonomic}
     bool UseCompressedClassPointers               = true                           {product lp64_product} {ergonomic}
     bool UseCompressedOops                        = true                           {product lp64_product} {ergonomic}
     bool UseG1GC                                  = true                                      {product} {ergonomic}
     bool UseLargePagesIndividualAllocation        = false                                  {pd product} {ergonomic}

Logging:
Log output configuration:
 #0: stdout all=warning uptime,level,tags foldmultilines=false
 #1: stderr all=off uptime,level,tags foldmultilines=false

Environment Variables:
PATH=C:\oracle\product\10.2.0\db_7\bin;C:\Program Files\Common Files\Oracle\Java\javapath;C:\oracle\product\10.2.0\db_6\bin;C:\oracle\product\10.2.0\db_3\bin;C:\oracle\product\10.2.0\db_2\bin;C:\oracle\product\10.2.0\db_1\bin;C:\Program Files (x86)\Common Files\Intel\Shared Libraries\redist\intel64\compiler;C:\windows\system32;C:\windows;C:\windows\System32\Wbem;C:\windows\System32\WindowsPowerShell\v1.0\;C:\windows\System32\OpenSSH\;C:\Program Files (x86)\NVIDIA Corporation\PhysX\Common;C:\Program Files\NVIDIA Corporation\NVIDIA NvDLISR;C:\WINDOWS\system32;C:\WINDOWS;C:\WINDOWS\System32\Wbem;C:\WINDOWS\System32\WindowsPowerShell\v1.0\;C:\WINDOWS\System32\OpenSSH\;C:\Program Files\Git\cmd;C:\Program Files\nodejs\;C:\Program Files\Microsoft SQL Server\150\Tools\Binn\;C:\Program Files\Microsoft SQL Server\Client SDK\ODBC\170\Tools\Binn\;C:\Program Files\dotnet\;C:\Program Files (x86)\Windows Kits\10\Windows Performance Toolkit\;C:\Users\deepa\AppData\Local\Microsoft\WindowsApps;C:\Users\deepa\AppData\Local\Programs\Microsoft VS Code\bin;C:\Users\deepa\AppData\Local\GitHubDesktop\bin;C:\Flutter\flutter\bin;C:\Users\deepa\AppData\Roaming\npm;C:\ProgramData\Microsoft\Windows\Start Menu\Programs\Node.js;C:\Users\deepa\.dotnet\tools
USERNAME=deepa
OS=Windows_NT
PROCESSOR_IDENTIFIER=AMD64 Family 25 Model 80 Stepping 0, AuthenticAMD
TMP=C:\Users\deepa\AppData\Local\Temp
TEMP=C:\Users\deepa\AppData\Local\Temp




---------------  S Y S T E M  ---------------

OS:
 Windows 11 , 64 bit Build 22621 (10.0.22621.2428)
OS uptime: 1 days 0:27 hours

CPU: total 12 (initial active 12) (12 cores per cpu, 2 threads per core) family 25 model 80 stepping 0 microcode 0x0, cx8, cmov, fxsr, ht, mmx, 3dnowpref, sse, sse2, sse3, ssse3, sse4a, sse4.1, sse4.2, popcnt, lzcnt, tsc, tscinvbit, avx, avx2, aes, erms, clmul, bmi1, bmi2, adx, sha, fma, vzeroupper, clflush, clflushopt, rdtscp, rdpid, fsrm, f16c, pku, cet_ss

Memory: 4k page, system-wide physical 7521M (166M free)
TotalPageFile size 31073M (AvailPageFile size 8M)
current process WorkingSet (physical memory assigned to process): 56M, peak: 56M
current process commit charge ("private bytes"): 212M, peak: 213M

vm_info: Java HotSpot(TM) 64-Bit Server VM (20.0.1+9-29) for windows-amd64 JRE (20.0.1+9-29), built on 2023-03-07T13:56:11Z by "mach5one" with MS VC++ 17.1 (VS2022)

END.
